  gkCopyPastediLikeCP.cpp
j:\grafikakomp\sprawko\zajecia4_2\gkcopypastedilikecp\targa.h(10): warning C4005: "_CRT_SECURE_NO_WARNINGS": ponowna definicja makra
  j:\grafikakomp\sprawko\zajecia4_2\gkcopypastedilikecp\targa.h(10): note: argumenty wiersza polecenia: zobacz poprzednią definicję „_CRT_SECURE_NO_WARNINGS”
j:\grafikakomp\sprawko\zajecia4_2\gkcopypastedilikecp\colors.h(20): warning C4838: konwersja z „double” do „const GLfloat” wymaga konwersji zawężającej
j:\grafikakomp\sprawko\zajecia4_2\gkcopypastedilikecp\colors.h(20): warning C4305: "inicjowanie": obcięcie z "double" do "const GLfloat"
j:\grafikakomp\sprawko\zajecia4_2\gkcopypastedilikecp\colors.h(25): warning C4838: konwersja z „double” do „const GLfloat” wymaga konwersji zawężającej
j:\grafikakomp\sprawko\zajecia4_2\gkcopypastedilikecp\colors.h(25): warning C4305: "inicjowanie": obcięcie z "double" do "const GLfloat"
j:\grafikakomp\sprawko\zajecia4_2\gkcopypastedilikecp\colors.h(35): warning C4838: konwersja z „double” do „const GLfloat” wymaga konwersji zawężającej
j:\grafikakomp\sprawko\zajecia4_2\gkcopypastedilikecp\colors.h(35): warning C4305: "inicjowanie": obcięcie z "double" do "const GLfloat"
j:\grafikakomp\sprawko\zajecia4_2\gkcopypastedilikecp\colors.h(42): warning C4838: konwersja z „double” do „const GLfloat” wymaga konwersji zawężającej
j:\grafikakomp\sprawko\zajecia4_2\gkcopypastedilikecp\colors.h(42): warning C4305: "inicjowanie": obcięcie z "double" do "const GLfloat"
j:\grafikakomp\sprawko\zajecia4_2\gkcopypastedilikecp\colors.h(49): warning C4838: konwersja z „double” do „const GLfloat” wymaga konwersji zawężającej
j:\grafikakomp\sprawko\zajecia4_2\gkcopypastedilikecp\colors.h(49): warning C4305: "inicjowanie": obcięcie z "double" do "const GLfloat"
j:\grafikakomp\sprawko\zajecia4_2\gkcopypastedilikecp\colors.h(54): warning C4838: konwersja z „double” do „const GLfloat” wymaga konwersji zawężającej
j:\grafikakomp\sprawko\zajecia4_2\gkcopypastedilikecp\colors.h(54): warning C4305: "inicjowanie": obcięcie z "double" do "const GLfloat"
j:\grafikakomp\sprawko\zajecia4_2\gkcopypastedilikecp\colors.h(66): warning C4838: konwersja z „double” do „const GLfloat” wymaga konwersji zawężającej
j:\grafikakomp\sprawko\zajecia4_2\gkcopypastedilikecp\colors.h(66): warning C4305: "inicjowanie": obcięcie z "double" do "const GLfloat"
j:\grafikakomp\sprawko\zajecia4_2\gkcopypastedilikecp\colors.h(80): warning C4838: konwersja z „double” do „const GLfloat” wymaga konwersji zawężającej
j:\grafikakomp\sprawko\zajecia4_2\gkcopypastedilikecp\colors.h(80): warning C4305: "inicjowanie": obcięcie z "double" do "const GLfloat"
j:\grafikakomp\sprawko\zajecia4_2\gkcopypastedilikecp\colors.h(87): warning C4838: konwersja z „double” do „const GLfloat” wymaga konwersji zawężającej
j:\grafikakomp\sprawko\zajecia4_2\gkcopypastedilikecp\colors.h(87): warning C4305: "inicjowanie": obcięcie z "double" do "const GLfloat"
j:\grafikakomp\sprawko\zajecia4_2\gkcopypastedilikecp\colors.h(92): warning C4838: konwersja z „double” do „const GLfloat” wymaga konwersji zawężającej
j:\grafikakomp\sprawko\zajecia4_2\gkcopypastedilikecp\colors.h(92): warning C4305: "inicjowanie": obcięcie z "double" do "const GLfloat"
j:\grafikakomp\sprawko\zajecia4_2\gkcopypastedilikecp\colors.h(97): warning C4838: konwersja z „double” do „const GLfloat” wymaga konwersji zawężającej
j:\grafikakomp\sprawko\zajecia4_2\gkcopypastedilikecp\colors.h(97): warning C4305: "inicjowanie": obcięcie z "double" do "const GLfloat"
j:\grafikakomp\sprawko\zajecia4_2\gkcopypastedilikecp\colors.h(102): warning C4838: konwersja z „double” do „const GLfloat” wymaga konwersji zawężającej
j:\grafikakomp\sprawko\zajecia4_2\gkcopypastedilikecp\colors.h(102): warning C4305: "inicjowanie": obcięcie z "double" do "const GLfloat"
j:\grafikakomp\sprawko\zajecia4_2\gkcopypastedilikecp\colors.h(109): warning C4838: konwersja z „double” do „const GLfloat” wymaga konwersji zawężającej
j:\grafikakomp\sprawko\zajecia4_2\gkcopypastedilikecp\colors.h(109): warning C4305: "inicjowanie": obcięcie z "double" do "const GLfloat"
j:\grafikakomp\sprawko\zajecia4_2\gkcopypastedilikecp\colors.h(116): warning C4838: konwersja z „double” do „const GLfloat” wymaga konwersji zawężającej
j:\grafikakomp\sprawko\zajecia4_2\gkcopypastedilikecp\colors.h(116): warning C4305: "inicjowanie": obcięcie z "double" do "const GLfloat"
j:\grafikakomp\sprawko\zajecia4_2\gkcopypastedilikecp\colors.h(121): warning C4838: konwersja z „double” do „const GLfloat” wymaga konwersji zawężającej
j:\grafikakomp\sprawko\zajecia4_2\gkcopypastedilikecp\colors.h(121): warning C4305: "inicjowanie": obcięcie z "double" do "const GLfloat"
j:\grafikakomp\sprawko\zajecia4_2\gkcopypastedilikecp\colors.h(126): warning C4838: konwersja z „double” do „const GLfloat” wymaga konwersji zawężającej
j:\grafikakomp\sprawko\zajecia4_2\gkcopypastedilikecp\colors.h(126): warning C4305: "inicjowanie": obcięcie z "double" do "const GLfloat"
j:\grafikakomp\sprawko\zajecia4_2\gkcopypastedilikecp\colors.h(133): warning C4838: konwersja z „double” do „const GLfloat” wymaga konwersji zawężającej
j:\grafikakomp\sprawko\zajecia4_2\gkcopypastedilikecp\colors.h(133): warning C4305: "inicjowanie": obcięcie z "double" do "const GLfloat"
j:\grafikakomp\sprawko\zajecia4_2\gkcopypastedilikecp\colors.h(147): warning C4838: konwersja z „double” do „const GLfloat” wymaga konwersji zawężającej
j:\grafikakomp\sprawko\zajecia4_2\gkcopypastedilikecp\colors.h(147): warning C4305: "inicjowanie": obcięcie z "double" do "const GLfloat"
j:\grafikakomp\sprawko\zajecia4_2\gkcopypastedilikecp\colors.h(154): warning C4838: konwersja z „double” do „const GLfloat” wymaga konwersji zawężającej
j:\grafikakomp\sprawko\zajecia4_2\gkcopypastedilikecp\colors.h(154): warning C4305: "inicjowanie": obcięcie z "double" do "const GLfloat"
j:\grafikakomp\sprawko\zajecia4_2\gkcopypastedilikecp\colors.h(159): warning C4838: konwersja z „double” do „const GLfloat” wymaga konwersji zawężającej
j:\grafikakomp\sprawko\zajecia4_2\gkcopypastedilikecp\colors.h(159): warning C4305: "inicjowanie": obcięcie z "double" do "const GLfloat"
j:\grafikakomp\sprawko\zajecia4_2\gkcopypastedilikecp\colors.h(166): warning C4838: konwersja z „double” do „const GLfloat” wymaga konwersji zawężającej
j:\grafikakomp\sprawko\zajecia4_2\gkcopypastedilikecp\colors.h(166): warning C4305: "inicjowanie": obcięcie z "double" do "const GLfloat"
j:\grafikakomp\sprawko\zajecia4_2\gkcopypastedilikecp\colors.h(173): warning C4838: konwersja z „double” do „const GLfloat” wymaga konwersji zawężającej
j:\grafikakomp\sprawko\zajecia4_2\gkcopypastedilikecp\colors.h(173): warning C4305: "inicjowanie": obcięcie z "double" do "const GLfloat"
j:\grafikakomp\sprawko\zajecia4_2\gkcopypastedilikecp\colors.h(180): warning C4838: konwersja z „double” do „const GLfloat” wymaga konwersji zawężającej
j:\grafikakomp\sprawko\zajecia4_2\gkcopypastedilikecp\colors.h(180): warning C4305: "inicjowanie": obcięcie z "double" do "const GLfloat"
j:\grafikakomp\sprawko\zajecia4_2\gkcopypastedilikecp\colors.h(187): warning C4838: konwersja z „double” do „const GLfloat” wymaga konwersji zawężającej
j:\grafikakomp\sprawko\zajecia4_2\gkcopypastedilikecp\colors.h(187): warning C4305: "inicjowanie": obcięcie z "double" do "const GLfloat"
j:\grafikakomp\sprawko\zajecia4_2\gkcopypastedilikecp\colors.h(192): warning C4838: konwersja z „double” do „const GLfloat” wymaga konwersji zawężającej
j:\grafikakomp\sprawko\zajecia4_2\gkcopypastedilikecp\colors.h(192): warning C4305: "inicjowanie": obcięcie z "double" do "const GLfloat"
j:\grafikakomp\sprawko\zajecia4_2\gkcopypastedilikecp\colors.h(199): warning C4838: konwersja z „double” do „const GLfloat” wymaga konwersji zawężającej
j:\grafikakomp\sprawko\zajecia4_2\gkcopypastedilikecp\colors.h(199): warning C4305: "inicjowanie": obcięcie z "double" do "const GLfloat"
j:\grafikakomp\sprawko\zajecia4_2\gkcopypastedilikecp\colors.h(204): warning C4838: konwersja z „double” do „const GLfloat” wymaga konwersji zawężającej
j:\grafikakomp\sprawko\zajecia4_2\gkcopypastedilikecp\colors.h(204): warning C4305: "inicjowanie": obcięcie z "double" do "const GLfloat"
j:\grafikakomp\sprawko\zajecia4_2\gkcopypastedilikecp\colors.h(211): warning C4838: konwersja z „double” do „const GLfloat” wymaga konwersji zawężającej
j:\grafikakomp\sprawko\zajecia4_2\gkcopypastedilikecp\colors.h(211): warning C4305: "inicjowanie": obcięcie z "double" do "const GLfloat"
j:\grafikakomp\sprawko\zajecia4_2\gkcopypastedilikecp\colors.h(216): warning C4838: konwersja z „double” do „const GLfloat” wymaga konwersji zawężającej
j:\grafikakomp\sprawko\zajecia4_2\gkcopypastedilikecp\colors.h(216): warning C4305: "inicjowanie": obcięcie z "double" do "const GLfloat"
j:\grafikakomp\sprawko\zajecia4_2\gkcopypastedilikecp\colors.h(221): warning C4838: konwersja z „double” do „const GLfloat” wymaga konwersji zawężającej
j:\grafikakomp\sprawko\zajecia4_2\gkcopypastedilikecp\colors.h(221): warning C4305: "inicjowanie": obcięcie z "double" do "const GLfloat"
j:\grafikakomp\sprawko\zajecia4_2\gkcopypastedilikecp\colors.h(226): warning C4838: konwersja z „double” do „const GLfloat” wymaga konwersji zawężającej
j:\grafikakomp\sprawko\zajecia4_2\gkcopypastedilikecp\colors.h(226): warning C4305: "inicjowanie": obcięcie z "double" do "const GLfloat"
j:\grafikakomp\sprawko\zajecia4_2\gkcopypastedilikecp\colors.h(231): warning C4838: konwersja z „double” do „const GLfloat” wymaga konwersji zawężającej
j:\grafikakomp\sprawko\zajecia4_2\gkcopypastedilikecp\colors.h(231): warning C4305: "inicjowanie": obcięcie z "double" do "const GLfloat"
j:\grafikakomp\sprawko\zajecia4_2\gkcopypastedilikecp\colors.h(236): warning C4838: konwersja z „double” do „const GLfloat” wymaga konwersji zawężającej
j:\grafikakomp\sprawko\zajecia4_2\gkcopypastedilikecp\colors.h(236): warning C4305: "inicjowanie": obcięcie z "double" do "const GLfloat"
j:\grafikakomp\sprawko\zajecia4_2\gkcopypastedilikecp\colors.h(243): warning C4838: konwersja z „double” do „const GLfloat” wymaga konwersji zawężającej
j:\grafikakomp\sprawko\zajecia4_2\gkcopypastedilikecp\colors.h(243): warning C4305: "inicjowanie": obcięcie z "double" do "const GLfloat"
j:\grafikakomp\sprawko\zajecia4_2\gkcopypastedilikecp\colors.h(248): warning C4838: konwersja z „double” do „const GLfloat” wymaga konwersji zawężającej
j:\grafikakomp\sprawko\zajecia4_2\gkcopypastedilikecp\colors.h(248): warning C4305: "inicjowanie": obcięcie z "double" do "const GLfloat"
j:\grafikakomp\sprawko\zajecia4_2\gkcopypastedilikecp\colors.h(253): warning C4838: konwersja z „double” do „const GLfloat” wymaga konwersji zawężającej
j:\grafikakomp\sprawko\zajecia4_2\gkcopypastedilikecp\colors.h(253): warning C4305: "inicjowanie": obcięcie z "double" do "const GLfloat"
j:\grafikakomp\sprawko\zajecia4_2\gkcopypastedilikecp\colors.h(258): warning C4838: konwersja z „double” do „const GLfloat” wymaga konwersji zawężającej
j:\grafikakomp\sprawko\zajecia4_2\gkcopypastedilikecp\colors.h(258): warning C4305: "inicjowanie": obcięcie z "double" do "const GLfloat"
j:\grafikakomp\sprawko\zajecia4_2\gkcopypastedilikecp\colors.h(263): warning C4838: konwersja z „double” do „const GLfloat” wymaga konwersji zawężającej
j:\grafikakomp\sprawko\zajecia4_2\gkcopypastedilikecp\colors.h(263): warning C4305: "inicjowanie": obcięcie z "double" do "const GLfloat"
j:\grafikakomp\sprawko\zajecia4_2\gkcopypastedilikecp\colors.h(268): warning C4838: konwersja z „double” do „const GLfloat” wymaga konwersji zawężającej
j:\grafikakomp\sprawko\zajecia4_2\gkcopypastedilikecp\colors.h(268): warning C4305: "inicjowanie": obcięcie z "double" do "const GLfloat"
j:\grafikakomp\sprawko\zajecia4_2\gkcopypastedilikecp\colors.h(273): warning C4838: konwersja z „double” do „const GLfloat” wymaga konwersji zawężającej
j:\grafikakomp\sprawko\zajecia4_2\gkcopypastedilikecp\colors.h(273): warning C4305: "inicjowanie": obcięcie z "double" do "const GLfloat"
j:\grafikakomp\sprawko\zajecia4_2\gkcopypastedilikecp\colors.h(278): warning C4838: konwersja z „double” do „const GLfloat” wymaga konwersji zawężającej
j:\grafikakomp\sprawko\zajecia4_2\gkcopypastedilikecp\colors.h(278): warning C4305: "inicjowanie": obcięcie z "double" do "const GLfloat"
j:\grafikakomp\sprawko\zajecia4_2\gkcopypastedilikecp\colors.h(290): warning C4838: konwersja z „double” do „const GLfloat” wymaga konwersji zawężającej
j:\grafikakomp\sprawko\zajecia4_2\gkcopypastedilikecp\colors.h(290): warning C4305: "inicjowanie": obcięcie z "double" do "const GLfloat"
j:\grafikakomp\sprawko\zajecia4_2\gkcopypastedilikecp\colors.h(295): warning C4838: konwersja z „double” do „const GLfloat” wymaga konwersji zawężającej
j:\grafikakomp\sprawko\zajecia4_2\gkcopypastedilikecp\colors.h(295): warning C4305: "inicjowanie": obcięcie z "double" do "const GLfloat"
j:\grafikakomp\sprawko\zajecia4_2\gkcopypastedilikecp\colors.h(302): warning C4838: konwersja z „double” do „const GLfloat” wymaga konwersji zawężającej
j:\grafikakomp\sprawko\zajecia4_2\gkcopypastedilikecp\colors.h(302): warning C4305: "inicjowanie": obcięcie z "double" do "const GLfloat"
j:\grafikakomp\sprawko\zajecia4_2\gkcopypastedilikecp\colors.h(307): warning C4838: konwersja z „double” do „const GLfloat” wymaga konwersji zawężającej
j:\grafikakomp\sprawko\zajecia4_2\gkcopypastedilikecp\colors.h(307): warning C4305: "inicjowanie": obcięcie z "double" do "const GLfloat"
j:\grafikakomp\sprawko\zajecia4_2\gkcopypastedilikecp\colors.h(314): warning C4838: konwersja z „double” do „const GLfloat” wymaga konwersji zawężającej
j:\grafikakomp\sprawko\zajecia4_2\gkcopypastedilikecp\colors.h(314): warning C4305: "inicjowanie": obcięcie z "double" do "const GLfloat"
j:\grafikakomp\sprawko\zajecia4_2\gkcopypastedilikecp\colors.h(321): warning C4838: konwersja z „double” do „const GLfloat” wymaga konwersji zawężającej
j:\grafikakomp\sprawko\zajecia4_2\gkcopypastedilikecp\colors.h(321): warning C4305: "inicjowanie": obcięcie z "double" do "const GLfloat"
j:\grafikakomp\sprawko\zajecia4_2\gkcopypastedilikecp\colors.h(328): warning C4838: konwersja z „double” do „const GLfloat” wymaga konwersji zawężającej
j:\grafikakomp\sprawko\zajecia4_2\gkcopypastedilikecp\colors.h(328): warning C4305: "inicjowanie": obcięcie z "double" do "const GLfloat"
j:\grafikakomp\sprawko\zajecia4_2\gkcopypastedilikecp\colors.h(335): warning C4838: konwersja z „double” do „const GLfloat” wymaga konwersji zawężającej
j:\grafikakomp\sprawko\zajecia4_2\gkcopypastedilikecp\colors.h(335): warning C4305: "inicjowanie": obcięcie z "double" do "const GLfloat"
j:\grafikakomp\sprawko\zajecia4_2\gkcopypastedilikecp\colors.h(342): warning C4838: konwersja z „double” do „const GLfloat” wymaga konwersji zawężającej
j:\grafikakomp\sprawko\zajecia4_2\gkcopypastedilikecp\colors.h(342): warning C4305: "inicjowanie": obcięcie z "double" do "const GLfloat"
j:\grafikakomp\sprawko\zajecia4_2\gkcopypastedilikecp\colors.h(347): warning C4838: konwersja z „double” do „const GLfloat” wymaga konwersji zawężającej
j:\grafikakomp\sprawko\zajecia4_2\gkcopypastedilikecp\colors.h(347): warning C4305: "inicjowanie": obcięcie z "double" do "const GLfloat"
j:\grafikakomp\sprawko\zajecia4_2\gkcopypastedilikecp\colors.h(354): warning C4838: konwersja z „double” do „const GLfloat” wymaga konwersji zawężającej
j:\grafikakomp\sprawko\zajecia4_2\gkcopypastedilikecp\colors.h(354): warning C4305: "inicjowanie": obcięcie z "double" do "const GLfloat"
j:\grafikakomp\sprawko\zajecia4_2\gkcopypastedilikecp\colors.h(361): warning C4838: konwersja z „double” do „const GLfloat” wymaga konwersji zawężającej
j:\grafikakomp\sprawko\zajecia4_2\gkcopypastedilikecp\colors.h(361): warning C4305: "inicjowanie": obcięcie z "double" do "const GLfloat"
j:\grafikakomp\sprawko\zajecia4_2\gkcopypastedilikecp\colors.h(368): warning C4838: konwersja z „double” do „const GLfloat” wymaga konwersji zawężającej
j:\grafikakomp\sprawko\zajecia4_2\gkcopypastedilikecp\colors.h(368): warning C4305: "inicjowanie": obcięcie z "double" do "const GLfloat"
j:\grafikakomp\sprawko\zajecia4_2\gkcopypastedilikecp\colors.h(375): warning C4838: konwersja z „double” do „const GLfloat” wymaga konwersji zawężającej
j:\grafikakomp\sprawko\zajecia4_2\gkcopypastedilikecp\colors.h(375): warning C4305: "inicjowanie": obcięcie z "double" do "const GLfloat"
j:\grafikakomp\sprawko\zajecia4_2\gkcopypastedilikecp\colors.h(380): warning C4838: konwersja z „double” do „const GLfloat” wymaga konwersji zawężającej
j:\grafikakomp\sprawko\zajecia4_2\gkcopypastedilikecp\colors.h(380): warning C4305: "inicjowanie": obcięcie z "double" do "const GLfloat"
j:\grafikakomp\sprawko\zajecia4_2\gkcopypastedilikecp\colors.h(385): warning C4838: konwersja z „double” do „const GLfloat” wymaga konwersji zawężającej
j:\grafikakomp\sprawko\zajecia4_2\gkcopypastedilikecp\colors.h(385): warning C4305: "inicjowanie": obcięcie z "double" do "const GLfloat"
j:\grafikakomp\sprawko\zajecia4_2\gkcopypastedilikecp\colors.h(390): warning C4838: konwersja z „double” do „const GLfloat” wymaga konwersji zawężającej
j:\grafikakomp\sprawko\zajecia4_2\gkcopypastedilikecp\colors.h(390): warning C4305: "inicjowanie": obcięcie z "double" do "const GLfloat"
j:\grafikakomp\sprawko\zajecia4_2\gkcopypastedilikecp\colors.h(395): warning C4838: konwersja z „double” do „const GLfloat” wymaga konwersji zawężającej
j:\grafikakomp\sprawko\zajecia4_2\gkcopypastedilikecp\colors.h(395): warning C4305: "inicjowanie": obcięcie z "double" do "const GLfloat"
j:\grafikakomp\sprawko\zajecia4_2\gkcopypastedilikecp\colors.h(400): warning C4838: konwersja z „double” do „const GLfloat” wymaga konwersji zawężającej
j:\grafikakomp\sprawko\zajecia4_2\gkcopypastedilikecp\colors.h(400): warning C4305: "inicjowanie": obcięcie z "double" do "const GLfloat"
j:\grafikakomp\sprawko\zajecia4_2\gkcopypastedilikecp\colors.h(405): warning C4838: konwersja z „double” do „const GLfloat” wymaga konwersji zawężającej
j:\grafikakomp\sprawko\zajecia4_2\gkcopypastedilikecp\colors.h(405): warning C4305: "inicjowanie": obcięcie z "double" do "const GLfloat"
j:\grafikakomp\sprawko\zajecia4_2\gkcopypastedilikecp\colors.h(410): warning C4838: konwersja z „double” do „const GLfloat” wymaga konwersji zawężającej
j:\grafikakomp\sprawko\zajecia4_2\gkcopypastedilikecp\colors.h(410): warning C4305: "inicjowanie": obcięcie z "double" do "const GLfloat"
j:\grafikakomp\sprawko\zajecia4_2\gkcopypastedilikecp\colors.h(415): warning C4838: konwersja z „double” do „const GLfloat” wymaga konwersji zawężającej
j:\grafikakomp\sprawko\zajecia4_2\gkcopypastedilikecp\colors.h(415): warning C4305: "inicjowanie": obcięcie z "double" do "const GLfloat"
j:\grafikakomp\sprawko\zajecia4_2\gkcopypastedilikecp\colors.h(420): warning C4838: konwersja z „double” do „const GLfloat” wymaga konwersji zawężającej
j:\grafikakomp\sprawko\zajecia4_2\gkcopypastedilikecp\colors.h(420): warning C4305: "inicjowanie": obcięcie z "double" do "const GLfloat"
j:\grafikakomp\sprawko\zajecia4_2\gkcopypastedilikecp\colors.h(425): warning C4838: konwersja z „double” do „const GLfloat” wymaga konwersji zawężającej
j:\grafikakomp\sprawko\zajecia4_2\gkcopypastedilikecp\colors.h(425): warning C4305: "inicjowanie": obcięcie z "double" do "const GLfloat"
j:\grafikakomp\sprawko\zajecia4_2\gkcopypastedilikecp\colors.h(430): warning C4838: konwersja z „double” do „const GLfloat” wymaga konwersji zawężającej
j:\grafikakomp\sprawko\zajecia4_2\gkcopypastedilikecp\colors.h(430): warning C4305: "inicjowanie": obcięcie z "double" do "const GLfloat"
j:\grafikakomp\sprawko\zajecia4_2\gkcopypastedilikecp\colors.h(435): warning C4838: konwersja z „double” do „const GLfloat” wymaga konwersji zawężającej
j:\grafikakomp\sprawko\zajecia4_2\gkcopypastedilikecp\colors.h(435): warning C4305: "inicjowanie": obcięcie z "double" do "const GLfloat"
j:\grafikakomp\sprawko\zajecia4_2\gkcopypastedilikecp\colors.h(440): warning C4838: konwersja z „double” do „const GLfloat” wymaga konwersji zawężającej
j:\grafikakomp\sprawko\zajecia4_2\gkcopypastedilikecp\colors.h(440): warning C4305: "inicjowanie": obcięcie z "double" do "const GLfloat"
j:\grafikakomp\sprawko\zajecia4_2\gkcopypastedilikecp\colors.h(445): warning C4838: konwersja z „double” do „const GLfloat” wymaga konwersji zawężającej
j:\grafikakomp\sprawko\zajecia4_2\gkcopypastedilikecp\colors.h(445): warning C4305: "inicjowanie": obcięcie z "double" do "const GLfloat"
j:\grafikakomp\sprawko\zajecia4_2\gkcopypastedilikecp\colors.h(450): warning C4838: konwersja z „double” do „const GLfloat” wymaga konwersji zawężającej
j:\grafikakomp\sprawko\zajecia4_2\gkcopypastedilikecp\colors.h(450): warning C4305: "inicjowanie": obcięcie z "double" do "const GLfloat"
j:\grafikakomp\sprawko\zajecia4_2\gkcopypastedilikecp\colors.h(455): warning C4838: konwersja z „double” do „const GLfloat” wymaga konwersji zawężającej
j:\grafikakomp\sprawko\zajecia4_2\gkcopypastedilikecp\colors.h(455): warning C4305: "inicjowanie": obcięcie z "double" do "const GLfloat"
j:\grafikakomp\sprawko\zajecia4_2\gkcopypastedilikecp\colors.h(469): warning C4838: konwersja z „double” do „const GLfloat” wymaga konwersji zawężającej
j:\grafikakomp\sprawko\zajecia4_2\gkcopypastedilikecp\colors.h(469): warning C4305: "inicjowanie": obcięcie z "double" do "const GLfloat"
j:\grafikakomp\sprawko\zajecia4_2\gkcopypastedilikecp\colors.h(476): warning C4838: konwersja z „double” do „const GLfloat” wymaga konwersji zawężającej
j:\grafikakomp\sprawko\zajecia4_2\gkcopypastedilikecp\colors.h(476): warning C4305: "inicjowanie": obcięcie z "double" do "const GLfloat"
j:\grafikakomp\sprawko\zajecia4_2\gkcopypastedilikecp\colors.h(490): warning C4838: konwersja z „double” do „const GLfloat” wymaga konwersji zawężającej
j:\grafikakomp\sprawko\zajecia4_2\gkcopypastedilikecp\colors.h(490): warning C4305: "inicjowanie": obcięcie z "double" do "const GLfloat"
j:\grafikakomp\sprawko\zajecia4_2\gkcopypastedilikecp\colors.h(495): warning C4838: konwersja z „double” do „const GLfloat” wymaga konwersji zawężającej
j:\grafikakomp\sprawko\zajecia4_2\gkcopypastedilikecp\colors.h(495): warning C4305: "inicjowanie": obcięcie z "double" do "const GLfloat"
j:\grafikakomp\sprawko\zajecia4_2\gkcopypastedilikecp\colors.h(500): warning C4838: konwersja z „double” do „const GLfloat” wymaga konwersji zawężającej
j:\grafikakomp\sprawko\zajecia4_2\gkcopypastedilikecp\colors.h(500): warning C4305: "inicjowanie": obcięcie z "double" do "const GLfloat"
j:\grafikakomp\sprawko\zajecia4_2\gkcopypastedilikecp\colors.h(505): warning C4838: konwersja z „double” do „const GLfloat” wymaga konwersji zawężającej
j:\grafikakomp\sprawko\zajecia4_2\gkcopypastedilikecp\colors.h(505): warning C4305: "inicjowanie": obcięcie z "double" do "const GLfloat"
j:\grafikakomp\sprawko\zajecia4_2\gkcopypastedilikecp\colors.h(510): warning C4838: konwersja z „double” do „const GLfloat” wymaga konwersji zawężającej
j:\grafikakomp\sprawko\zajecia4_2\gkcopypastedilikecp\colors.h(510): warning C4305: "inicjowanie": obcięcie z "double" do "const GLfloat"
j:\grafikakomp\sprawko\zajecia4_2\gkcopypastedilikecp\colors.h(515): warning C4838: konwersja z „double” do „const GLfloat” wymaga konwersji zawężającej
j:\grafikakomp\sprawko\zajecia4_2\gkcopypastedilikecp\colors.h(515): warning C4305: "inicjowanie": obcięcie z "double" do "const GLfloat"
j:\grafikakomp\sprawko\zajecia4_2\gkcopypastedilikecp\colors.h(520): warning C4838: konwersja z „double” do „const GLfloat” wymaga konwersji zawężającej
j:\grafikakomp\sprawko\zajecia4_2\gkcopypastedilikecp\colors.h(520): warning C4305: "inicjowanie": obcięcie z "double" do "const GLfloat"
j:\grafikakomp\sprawko\zajecia4_2\gkcopypastedilikecp\colors.h(525): warning C4838: konwersja z „double” do „const GLfloat” wymaga konwersji zawężającej
j:\grafikakomp\sprawko\zajecia4_2\gkcopypastedilikecp\colors.h(525): warning C4305: "inicjowanie": obcięcie z "double" do "const GLfloat"
j:\grafikakomp\sprawko\zajecia4_2\gkcopypastedilikecp\colors.h(530): warning C4838: konwersja z „double” do „const GLfloat” wymaga konwersji zawężającej
j:\grafikakomp\sprawko\zajecia4_2\gkcopypastedilikecp\colors.h(530): warning C4305: "inicjowanie": obcięcie z "double" do "const GLfloat"
j:\grafikakomp\sprawko\zajecia4_2\gkcopypastedilikecp\colors.h(535): warning C4838: konwersja z „double” do „const GLfloat” wymaga konwersji zawężającej
j:\grafikakomp\sprawko\zajecia4_2\gkcopypastedilikecp\colors.h(535): warning C4305: "inicjowanie": obcięcie z "double" do "const GLfloat"
j:\grafikakomp\sprawko\zajecia4_2\gkcopypastedilikecp\colors.h(540): warning C4838: konwersja z „double” do „const GLfloat” wymaga konwersji zawężającej
j:\grafikakomp\sprawko\zajecia4_2\gkcopypastedilikecp\colors.h(540): warning C4305: "inicjowanie": obcięcie z "double" do "const GLfloat"
j:\grafikakomp\sprawko\zajecia4_2\gkcopypastedilikecp\colors.h(545): warning C4838: konwersja z „double” do „const GLfloat” wymaga konwersji zawężającej
j:\grafikakomp\sprawko\zajecia4_2\gkcopypastedilikecp\colors.h(545): warning C4305: "inicjowanie": obcięcie z "double" do "const GLfloat"
j:\grafikakomp\sprawko\zajecia4_2\gkcopypastedilikecp\colors.h(550): warning C4838: konwersja z „double” do „const GLfloat” wymaga konwersji zawężającej
j:\grafikakomp\sprawko\zajecia4_2\gkcopypastedilikecp\colors.h(550): warning C4305: "inicjowanie": obcięcie z "double" do "const GLfloat"
j:\grafikakomp\sprawko\zajecia4_2\gkcopypastedilikecp\colors.h(555): warning C4838: konwersja z „double” do „const GLfloat” wymaga konwersji zawężającej
j:\grafikakomp\sprawko\zajecia4_2\gkcopypastedilikecp\colors.h(555): warning C4305: "inicjowanie": obcięcie z "double" do "const GLfloat"
j:\grafikakomp\sprawko\zajecia4_2\gkcopypastedilikecp\colors.h(560): warning C4838: konwersja z „double” do „const GLfloat” wymaga konwersji zawężającej
j:\grafikakomp\sprawko\zajecia4_2\gkcopypastedilikecp\colors.h(560): warning C4305: "inicjowanie": obcięcie z "double" do "const GLfloat"
j:\grafikakomp\sprawko\zajecia4_2\gkcopypastedilikecp\colors.h(567): warning C4838: konwersja z „double” do „const GLfloat” wymaga konwersji zawężającej
j:\grafikakomp\sprawko\zajecia4_2\gkcopypastedilikecp\colors.h(567): warning C4305: "inicjowanie": obcięcie z "double" do "const GLfloat"
j:\grafikakomp\sprawko\zajecia4_2\gkcopypastedilikecp\colors.h(572): warning C4838: konwersja z „double” do „const GLfloat” wymaga konwersji zawężającej
j:\grafikakomp\sprawko\zajecia4_2\gkcopypastedilikecp\colors.h(572): warning C4305: "inicjowanie": obcięcie z "double" do "const GLfloat"
j:\grafikakomp\sprawko\zajecia4_2\gkcopypastedilikecp\colors.h(579): warning C4838: konwersja z „double” do „const GLfloat” wymaga konwersji zawężającej
j:\grafikakomp\sprawko\zajecia4_2\gkcopypastedilikecp\colors.h(579): warning C4305: "inicjowanie": obcięcie z "double" do "const GLfloat"
j:\grafikakomp\sprawko\zajecia4_2\gkcopypastedilikecp\colors.h(587): warning C4838: konwersja z „double” do „const GLfloat” wymaga konwersji zawężającej
j:\grafikakomp\sprawko\zajecia4_2\gkcopypastedilikecp\colors.h(587): warning C4305: "inicjowanie": obcięcie z "double" do "const GLfloat"
j:\grafikakomp\sprawko\zajecia4_2\gkcopypastedilikecp\colors.h(594): warning C4838: konwersja z „double” do „const GLfloat” wymaga konwersji zawężającej
j:\grafikakomp\sprawko\zajecia4_2\gkcopypastedilikecp\colors.h(594): warning C4305: "inicjowanie": obcięcie z "double" do "const GLfloat"
j:\grafikakomp\sprawko\zajecia4_2\gkcopypastedilikecp\colors.h(601): warning C4838: konwersja z „double” do „const GLfloat” wymaga konwersji zawężającej
j:\grafikakomp\sprawko\zajecia4_2\gkcopypastedilikecp\colors.h(601): warning C4305: "inicjowanie": obcięcie z "double" do "const GLfloat"
j:\grafikakomp\sprawko\zajecia4_2\gkcopypastedilikecp\colors.h(606): warning C4838: konwersja z „double” do „const GLfloat” wymaga konwersji zawężającej
j:\grafikakomp\sprawko\zajecia4_2\gkcopypastedilikecp\colors.h(606): warning C4305: "inicjowanie": obcięcie z "double" do "const GLfloat"
j:\grafikakomp\sprawko\zajecia4_2\gkcopypastedilikecp\colors.h(611): warning C4838: konwersja z „double” do „const GLfloat” wymaga konwersji zawężającej
j:\grafikakomp\sprawko\zajecia4_2\gkcopypastedilikecp\colors.h(611): warning C4305: "inicjowanie": obcięcie z "double" do "const GLfloat"
j:\grafikakomp\sprawko\zajecia4_2\gkcopypastedilikecp\colors.h(618): warning C4838: konwersja z „double” do „const GLfloat” wymaga konwersji zawężającej
j:\grafikakomp\sprawko\zajecia4_2\gkcopypastedilikecp\colors.h(618): warning C4305: "inicjowanie": obcięcie z "double" do "const GLfloat"
j:\grafikakomp\sprawko\zajecia4_2\gkcopypastedilikecp\colors.h(625): warning C4838: konwersja z „double” do „const GLfloat” wymaga konwersji zawężającej
j:\grafikakomp\sprawko\zajecia4_2\gkcopypastedilikecp\colors.h(625): warning C4305: "inicjowanie": obcięcie z "double" do "const GLfloat"
j:\grafikakomp\sprawko\zajecia4_2\gkcopypastedilikecp\colors.h(630): warning C4838: konwersja z „double” do „const GLfloat” wymaga konwersji zawężającej
j:\grafikakomp\sprawko\zajecia4_2\gkcopypastedilikecp\colors.h(630): warning C4305: "inicjowanie": obcięcie z "double" do "const GLfloat"
j:\grafikakomp\sprawko\zajecia4_2\gkcopypastedilikecp\colors.h(635): warning C4838: konwersja z „double” do „const GLfloat” wymaga konwersji zawężającej
j:\grafikakomp\sprawko\zajecia4_2\gkcopypastedilikecp\colors.h(635): warning C4305: "inicjowanie": obcięcie z "double" do "const GLfloat"
j:\grafikakomp\sprawko\zajecia4_2\gkcopypastedilikecp\colors.h(640): warning C4838: konwersja z „double” do „const GLfloat” wymaga konwersji zawężającej
j:\grafikakomp\sprawko\zajecia4_2\gkcopypastedilikecp\colors.h(640): warning C4305: "inicjowanie": obcięcie z "double" do "const GLfloat"
j:\grafikakomp\sprawko\zajecia4_2\gkcopypastedilikecp\colors.h(645): warning C4838: konwersja z „double” do „const GLfloat” wymaga konwersji zawężającej
j:\grafikakomp\sprawko\zajecia4_2\gkcopypastedilikecp\colors.h(645): warning C4305: "inicjowanie": obcięcie z "double" do "const GLfloat"
j:\grafikakomp\sprawko\zajecia4_2\gkcopypastedilikecp\colors.h(652): warning C4838: konwersja z „double” do „const GLfloat” wymaga konwersji zawężającej
j:\grafikakomp\sprawko\zajecia4_2\gkcopypastedilikecp\colors.h(652): warning C4305: "inicjowanie": obcięcie z "double" do "const GLfloat"
j:\grafikakomp\sprawko\zajecia4_2\gkcopypastedilikecp\colors.h(659): warning C4838: konwersja z „double” do „const GLfloat” wymaga konwersji zawężającej
j:\grafikakomp\sprawko\zajecia4_2\gkcopypastedilikecp\colors.h(659): warning C4305: "inicjowanie": obcięcie z "double" do "const GLfloat"
j:\grafikakomp\sprawko\zajecia4_2\gkcopypastedilikecp\colors.h(664): warning C4838: konwersja z „double” do „const GLfloat” wymaga konwersji zawężającej
j:\grafikakomp\sprawko\zajecia4_2\gkcopypastedilikecp\colors.h(664): warning C4305: "inicjowanie": obcięcie z "double" do "const GLfloat"
j:\grafikakomp\sprawko\zajecia4_2\gkcopypastedilikecp\colors.h(671): warning C4838: konwersja z „double” do „const GLfloat” wymaga konwersji zawężającej
j:\grafikakomp\sprawko\zajecia4_2\gkcopypastedilikecp\colors.h(671): warning C4305: "inicjowanie": obcięcie z "double" do "const GLfloat"
j:\grafikakomp\sprawko\zajecia4_2\gkcopypastedilikecp\colors.h(683): warning C4838: konwersja z „double” do „const GLfloat” wymaga konwersji zawężającej
j:\grafikakomp\sprawko\zajecia4_2\gkcopypastedilikecp\colors.h(683): warning C4305: "inicjowanie": obcięcie z "double" do "const GLfloat"
j:\grafikakomp\sprawko\zajecia4_2\gkcopypastedilikecp\colors.h(688): warning C4838: konwersja z „double” do „const GLfloat” wymaga konwersji zawężającej
j:\grafikakomp\sprawko\zajecia4_2\gkcopypastedilikecp\colors.h(688): warning C4305: "inicjowanie": obcięcie z "double" do "const GLfloat"
j:\grafikakomp\sprawko\zajecia4_2\gkcopypastedilikecp\colors.h(695): warning C4838: konwersja z „double” do „const GLfloat” wymaga konwersji zawężającej
j:\grafikakomp\sprawko\zajecia4_2\gkcopypastedilikecp\colors.h(695): warning C4305: "inicjowanie": obcięcie z "double" do "const GLfloat"
j:\grafikakomp\sprawko\zajecia4_2\gkcopypastedilikecp\colors.h(702): warning C4838: konwersja z „double” do „const GLfloat” wymaga konwersji zawężającej
j:\grafikakomp\sprawko\zajecia4_2\gkcopypastedilikecp\colors.h(702): warning C4305: "inicjowanie": obcięcie z "double" do "const GLfloat"
j:\grafikakomp\sprawko\zajecia4_2\gkcopypastedilikecp\colors.h(707): warning C4838: konwersja z „double” do „const GLfloat” wymaga konwersji zawężającej
j:\grafikakomp\sprawko\zajecia4_2\gkcopypastedilikecp\colors.h(707): warning C4305: "inicjowanie": obcięcie z "double" do "const GLfloat"
j:\grafikakomp\sprawko\zajecia4_2\gkcopypastedilikecp\colors.h(712): warning C4838: konwersja z „double” do „const GLfloat” wymaga konwersji zawężającej
j:\grafikakomp\sprawko\zajecia4_2\gkcopypastedilikecp\colors.h(712): warning C4305: "inicjowanie": obcięcie z "double" do "const GLfloat"
j:\grafikakomp\sprawko\zajecia4_2\gkcopypastedilikecp\colors.h(717): warning C4838: konwersja z „double” do „const GLfloat” wymaga konwersji zawężającej
j:\grafikakomp\sprawko\zajecia4_2\gkcopypastedilikecp\colors.h(717): warning C4305: "inicjowanie": obcięcie z "double" do "const GLfloat"
j:\grafikakomp\sprawko\zajecia4_2\gkcopypastedilikecp\colors.h(724): warning C4838: konwersja z „double” do „const GLfloat” wymaga konwersji zawężającej
j:\grafikakomp\sprawko\zajecia4_2\gkcopypastedilikecp\colors.h(724): warning C4305: "inicjowanie": obcięcie z "double" do "const GLfloat"
j:\grafikakomp\sprawko\zajecia4_2\gkcopypastedilikecp\colors.h(731): warning C4838: konwersja z „double” do „const GLfloat” wymaga konwersji zawężającej
j:\grafikakomp\sprawko\zajecia4_2\gkcopypastedilikecp\colors.h(731): warning C4305: "inicjowanie": obcięcie z "double" do "const GLfloat"
j:\grafikakomp\sprawko\zajecia4_2\gkcopypastedilikecp\colors.h(738): warning C4838: konwersja z „double” do „const GLfloat” wymaga konwersji zawężającej
j:\grafikakomp\sprawko\zajecia4_2\gkcopypastedilikecp\colors.h(738): warning C4305: "inicjowanie": obcięcie z "double" do "const GLfloat"
j:\grafikakomp\sprawko\zajecia4_2\gkcopypastedilikecp\colors.h(745): warning C4838: konwersja z „double” do „const GLfloat” wymaga konwersji zawężającej
j:\grafikakomp\sprawko\zajecia4_2\gkcopypastedilikecp\colors.h(745): warning C4305: "inicjowanie": obcięcie z "double" do "const GLfloat"
j:\grafikakomp\sprawko\zajecia4_2\gkcopypastedilikecp\colors.h(752): warning C4838: konwersja z „double” do „const GLfloat” wymaga konwersji zawężającej
j:\grafikakomp\sprawko\zajecia4_2\gkcopypastedilikecp\colors.h(752): warning C4305: "inicjowanie": obcięcie z "double" do "const GLfloat"
j:\grafikakomp\sprawko\zajecia4_2\gkcopypastedilikecp\colors.h(759): warning C4838: konwersja z „double” do „const GLfloat” wymaga konwersji zawężającej
j:\grafikakomp\sprawko\zajecia4_2\gkcopypastedilikecp\colors.h(759): warning C4305: "inicjowanie": obcięcie z "double" do "const GLfloat"
j:\grafikakomp\sprawko\zajecia4_2\gkcopypastedilikecp\colors.h(766): warning C4838: konwersja z „double” do „const GLfloat” wymaga konwersji zawężającej
j:\grafikakomp\sprawko\zajecia4_2\gkcopypastedilikecp\colors.h(766): warning C4305: "inicjowanie": obcięcie z "double" do "const GLfloat"
j:\grafikakomp\sprawko\zajecia4_2\gkcopypastedilikecp\colors.h(773): warning C4838: konwersja z „double” do „const GLfloat” wymaga konwersji zawężającej
j:\grafikakomp\sprawko\zajecia4_2\gkcopypastedilikecp\colors.h(773): warning C4305: "inicjowanie": obcięcie z "double" do "const GLfloat"
j:\grafikakomp\sprawko\zajecia4_2\gkcopypastedilikecp\colors.h(780): warning C4838: konwersja z „double” do „const GLfloat” wymaga konwersji zawężającej
j:\grafikakomp\sprawko\zajecia4_2\gkcopypastedilikecp\colors.h(780): warning C4305: "inicjowanie": obcięcie z "double" do "const GLfloat"
j:\grafikakomp\sprawko\zajecia4_2\gkcopypastedilikecp\colors.h(787): warning C4838: konwersja z „double” do „const GLfloat” wymaga konwersji zawężającej
j:\grafikakomp\sprawko\zajecia4_2\gkcopypastedilikecp\colors.h(787): warning C4305: "inicjowanie": obcięcie z "double" do "const GLfloat"
j:\grafikakomp\sprawko\zajecia4_2\gkcopypastedilikecp\colors.h(794): warning C4838: konwersja z „double” do „const GLfloat” wymaga konwersji zawężającej
j:\grafikakomp\sprawko\zajecia4_2\gkcopypastedilikecp\colors.h(794): warning C4305: "inicjowanie": obcięcie z "double" do "const GLfloat"
j:\grafikakomp\sprawko\zajecia4_2\gkcopypastedilikecp\colors.h(801): warning C4838: konwersja z „double” do „const GLfloat” wymaga konwersji zawężającej
j:\grafikakomp\sprawko\zajecia4_2\gkcopypastedilikecp\colors.h(801): warning C4305: "inicjowanie": obcięcie z "double" do "const GLfloat"
j:\grafikakomp\sprawko\zajecia4_2\gkcopypastedilikecp\colors.h(815): warning C4838: konwersja z „double” do „const GLfloat” wymaga konwersji zawężającej
j:\grafikakomp\sprawko\zajecia4_2\gkcopypastedilikecp\colors.h(815): warning C4305: "inicjowanie": obcięcie z "double" do "const GLfloat"
j:\grafikakomp\sprawko\zajecia4_2\gkcopypastedilikecp\colors.h(822): warning C4838: konwersja z „double” do „const GLfloat” wymaga konwersji zawężającej
j:\grafikakomp\sprawko\zajecia4_2\gkcopypastedilikecp\colors.h(822): warning C4305: "inicjowanie": obcięcie z "double" do "const GLfloat"
j:\grafikakomp\sprawko\zajecia4_2\gkcopypastedilikecp\colors.h(827): warning C4838: konwersja z „double” do „const GLfloat” wymaga konwersji zawężającej
j:\grafikakomp\sprawko\zajecia4_2\gkcopypastedilikecp\colors.h(827): warning C4305: "inicjowanie": obcięcie z "double" do "const GLfloat"
j:\grafikakomp\sprawko\zajecia4_2\gkcopypastedilikecp\colors.h(839): warning C4838: konwersja z „double” do „const GLfloat” wymaga konwersji zawężającej
j:\grafikakomp\sprawko\zajecia4_2\gkcopypastedilikecp\colors.h(839): warning C4305: "inicjowanie": obcięcie z "double" do "const GLfloat"
j:\grafikakomp\sprawko\zajecia4_2\gkcopypastedilikecp\colors.h(853): warning C4838: konwersja z „double” do „const GLfloat” wymaga konwersji zawężającej
j:\grafikakomp\sprawko\zajecia4_2\gkcopypastedilikecp\colors.h(853): warning C4305: "inicjowanie": obcięcie z "double" do "const GLfloat"
j:\grafikakomp\sprawko\zajecia4_2\gkcopypastedilikecp\gkcopypastedilikecp.cpp(410): warning C4305: "+=": obcięcie z "double" do "GLfloat"
j:\grafikakomp\sprawko\zajecia4_2\gkcopypastedilikecp\gkcopypastedilikecp.cpp(419): warning C4305: "-=": obcięcie z "double" do "GLfloat"
j:\grafikakomp\sprawko\zajecia4_2\gkcopypastedilikecp\gkcopypastedilikecp.cpp(473): warning C4244: "+=": konwersja z "double" do "GLfloat", możliwa utrata danych
j:\grafikakomp\sprawko\zajecia4_2\gkcopypastedilikecp\gkcopypastedilikecp.cpp(477): warning C4244: "-=": konwersja z "double" do "GLfloat", możliwa utrata danych
  gkCopyPastediLikeCP.vcxproj -> J:\GrafikaKomp\Sprawko\Zajecia4_2\Debug\gkCopyPastediLikeCP.exe
